14:16:51 GET: /api/books user-agent: PostmanRuntime/7.26.8
14:16:57 GET: /api/books/160889473331335695790067ed7986 user-agent: PostmanRuntime/7.26.8
14:17:5 GET: /public user-agent: PostmanRuntime/7.26.8
14:17:21 GET: /files user-agent: PostmanRuntime/7.26.8
14:17:21 GET: /files/ user-agent: PostmanRuntime/7.26.8
14:17:52 GET: /api/books/ user-agent: PostmanRuntime/7.26.8
14:18:8 POST: /api/books/160889473331335695790067ed7986/download user-agent: PostmanRuntime/7.26.8
14:21:37 POST: /api/books/160889473331335695790067ed7986/download user-agent: PostmanRuntime/7.26.8
14:23:3 POST: /api/books/160889473331335695790067ed7986/download user-agent: PostmanRuntime/7.26.8
14:24:7 POST: /api/books/160889473331335695790067ed7986/download user-agent: PostmanRuntime/7.26.8
14:28:31 POST: /api/books/160889473331335695790067ed7986/download user-agent: PostmanRuntime/7.26.8
14:40:2 POST: /api/books/160889473331335695790067ed7986/upload user-agent: PostmanRuntime/7.26.8
14:40:17 GET: /api/books/160889473331335695790067ed7986 user-agent: PostmanRuntime/7.26.8
14:40:26 GET: /api/books/160889473331335695790067ed7986 user-agent: PostmanRuntime/7.26.8
14:40:39 POST: /api/books/160889473331335695790067ed7986/upload user-agent: PostmanRuntime/7.26.8
14:40:55 POST: /api/books/160889473331335695790067ed7986/upload user-agent: PostmanRuntime/7.26.8
14:41:29 POST: /api/books/160889473331335695790067ed7986/upload user-agent: PostmanRuntime/7.26.8
14:41:41 POST: /api/books/160889473331335695790067ed7986/upload user-agent: PostmanRuntime/7.26.8
14:42:16 POST: /api/books/160889473331335695790067ed7986/upload user-agent: PostmanRuntime/7.26.8
15:1:23 GET: / user-agent: PostmanRuntime/7.26.8
15:2:49 GET: / user-agent: PostmanRuntime/7.26.8
15:11:56 GET: / user-agent: PostmanRuntime/7.26.8
15:12:2 GET: /books user-agent: PostmanRuntime/7.26.8
15:12:9 GET: /books/ user-agent: PostmanRuntime/7.26.8
15:13:45 GET: /books/ user-agent: PostmanRuntime/7.26.8
15:14:39 GET: /books/ user-agent: PostmanRuntime/7.26.8
15:14:44 GET: / user-agent: PostmanRuntime/7.26.8
15:15:59 GET: / user-agent: PostmanRuntime/7.26.8
15:16:3 GET: / user-agent: PostmanRuntime/7.26.8
15:16:5 GET: /books user-agent: PostmanRuntime/7.26.8
15:16:19 GET: /books user-agent: PostmanRuntime/7.26.8
15:16:38 GET: /books user-agent: PostmanRuntime/7.26.8
15:16:41 GET: / user-agent: PostmanRuntime/7.26.8
15:17:38 GET: / user-agent: PostmanRuntime/7.26.8
